-------------------------------------------------------------------------------
Test set: com.example.SaleorderService.SaleorderServiceUpdateTest
-------------------------------------------------------------------------------
Tests run: 3, Failures: 2, Errors: 0, Skipped: 0, Time elapsed: 0.037 s <<< FAILURE! -- in com.example.SaleorderService.SaleorderServiceUpdateTest
com.example.SaleorderService.SaleorderServiceUpdateTest.testUpdateSaleorder_Fail_CodeIsNull -- Time elapsed: 0.008 s <<< FAILURE!
org.opentest4j.AssertionFailedError: Dự kiến sẽ xảy ra lỗi PersistenceException khi code để trống trong quá trình cập nhật ==> Expected javax.persistence.PersistenceException to be thrown, but nothing was thrown.
	at org.junit.jupiter.api.AssertionFailureBuilder.build(AssertionFailureBuilder.java:152)
	at org.junit.jupiter.api.AssertThrows.assertThrows(AssertThrows.java:73)
	at org.junit.jupiter.api.AssertThrows.assertThrows(AssertThrows.java:39)
	at org.junit.jupiter.api.Assertions.assertThrows(Assertions.java:3131)
	at com.example.SaleorderService.SaleorderServiceUpdateTest.testUpdateSaleorder_Fail_CodeIsNull(SaleorderServiceUpdateTest.java:96)
	at java.base/java.lang.reflect.Method.invoke(Method.java:566)
	at java.base/java.util.ArrayList.forEach(ArrayList.java:1541)
	at java.base/java.util.ArrayList.forEach(ArrayList.java:1541)

com.example.SaleorderService.SaleorderServiceUpdateTest.testUpdateSaleorder_Fail_NonExistentId -- Time elapsed: 0.011 s <<< FAILURE!
org.opentest4j.AssertionFailedError: Dự kiến sẽ xảy ra lỗi PersistenceException khi cố gắng cập nhật với ID không tồn tại ==> Expected javax.persistence.PersistenceException to be thrown, but nothing was thrown.
	at org.junit.jupiter.api.AssertionFailureBuilder.build(AssertionFailureBuilder.java:152)
	at org.junit.jupiter.api.AssertThrows.assertThrows(AssertThrows.java:73)
	at org.junit.jupiter.api.AssertThrows.assertThrows(AssertThrows.java:39)
	at org.junit.jupiter.api.Assertions.assertThrows(Assertions.java:3131)
	at com.example.SaleorderService.SaleorderServiceUpdateTest.testUpdateSaleorder_Fail_NonExistentId(SaleorderServiceUpdateTest.java:113)
	at java.base/java.lang.reflect.Method.invoke(Method.java:566)
	at java.base/java.util.ArrayList.forEach(ArrayList.java:1541)
	at java.base/java.util.ArrayList.forEach(ArrayList.java:1541)

