-------------------------------------------------------------------------------
Test set: com.example.SaleorderProductsService.SaleorderProductsServiceGetByIdTest
-------------------------------------------------------------------------------
Tests run: 3, Failures: 2, Errors: 0, Skipped: 0, Time elapsed: 0.055 s <<< FAILURE! -- in com.example.SaleorderProductsService.SaleorderProductsServiceGetByIdTest
com.example.SaleorderProductsService.SaleorderProductsServiceGetByIdTest.testGetByIdWithExistingSaleorderId -- Time elapsed: 0.014 s <<< FAILURE!
org.opentest4j.AssertionFailedError: Có sản phẩm đơn hàng với saleorder_id 1 ==> expected: <false> but was: <true>
	at org.junit.jupiter.api.AssertionFailureBuilder.build(AssertionFailureBuilder.java:151)
	at org.junit.jupiter.api.AssertionFailureBuilder.buildAndThrow(AssertionFailureBuilder.java:132)
	at org.junit.jupiter.api.AssertFalse.failNotFalse(AssertFalse.java:63)
	at org.junit.jupiter.api.AssertFalse.assertFalse(AssertFalse.java:36)
	at org.junit.jupiter.api.Assertions.assertFalse(Assertions.java:239)
	at com.example.SaleorderProductsService.SaleorderProductsServiceGetByIdTest.testGetByIdWithExistingSaleorderId(SaleorderProductsServiceGetByIdTest.java:53)
	at java.base/java.lang.reflect.Method.invoke(Method.java:566)
	at java.base/java.util.ArrayList.forEach(ArrayList.java:1541)
	at java.base/java.util.ArrayList.forEach(ArrayList.java:1541)

com.example.SaleorderProductsService.SaleorderProductsServiceGetByIdTest.testGetByIdWithNullSearchModel -- Time elapsed: 0.023 s <<< FAILURE!
org.opentest4j.AssertionFailedError: Không thể truyền searchModel là null ==> Expected java.lang.IllegalArgumentException to be thrown, but nothing was thrown.
	at org.junit.jupiter.api.AssertionFailureBuilder.build(AssertionFailureBuilder.java:152)
	at org.junit.jupiter.api.AssertThrows.assertThrows(AssertThrows.java:73)
	at org.junit.jupiter.api.AssertThrows.assertThrows(AssertThrows.java:39)
	at org.junit.jupiter.api.Assertions.assertThrows(Assertions.java:3131)
	at com.example.SaleorderProductsService.SaleorderProductsServiceGetByIdTest.testGetByIdWithNullSearchModel(SaleorderProductsServiceGetByIdTest.java:80)
	at java.base/java.lang.reflect.Method.invoke(Method.java:566)
	at java.base/java.util.ArrayList.forEach(ArrayList.java:1541)
	at java.base/java.util.ArrayList.forEach(ArrayList.java:1541)

