-------------------------------------------------------------------------------
Test set: com.example.AuthorService.AuthorServiceUpdateTest
-------------------------------------------------------------------------------
Tests run: 3, Failures: 2, Errors: 0, Skipped: 0, Time elapsed: 0.059 s <<< FAILURE! -- in com.example.AuthorService.AuthorServiceUpdateTest
com.example.AuthorService.AuthorServiceUpdateTest.testUpdateAuthor_Fail_NameTooShort -- Time elapsed: 0.013 s <<< FAILURE!
org.opentest4j.AssertionFailedError: Sai tên tác giả ==> expected: not equal but was: <AB>
	at org.junit.jupiter.api.AssertionFailureBuilder.build(AssertionFailureBuilder.java:152)
	at org.junit.jupiter.api.AssertionFailureBuilder.buildAndThrow(AssertionFailureBuilder.java:132)
	at org.junit.jupiter.api.AssertNotEquals.failEqual(AssertNotEquals.java:277)
	at org.junit.jupiter.api.AssertNotEquals.assertNotEquals(AssertNotEquals.java:263)
	at org.junit.jupiter.api.Assertions.assertNotEquals(Assertions.java:2832)
	at com.example.AuthorService.AuthorServiceUpdateTest.testUpdateAuthor_Fail_NameTooShort(AuthorServiceUpdateTest.java:78)
	at java.base/java.lang.reflect.Method.invoke(Method.java:566)
	at java.base/java.util.ArrayList.forEach(ArrayList.java:1541)
	at java.base/java.util.ArrayList.forEach(ArrayList.java:1541)

com.example.AuthorService.AuthorServiceUpdateTest.testUpdateAuthor_Fail_BiographyIsNull -- Time elapsed: 0.011 s <<< FAILURE!
org.opentest4j.AssertionFailedError: Không thể để tiểu sử null ==> Expected javax.persistence.PersistenceException to be thrown, but nothing was thrown.
	at org.junit.jupiter.api.AssertionFailureBuilder.build(AssertionFailureBuilder.java:152)
	at org.junit.jupiter.api.AssertThrows.assertThrows(AssertThrows.java:73)
	at org.junit.jupiter.api.AssertThrows.assertThrows(AssertThrows.java:39)
	at org.junit.jupiter.api.Assertions.assertThrows(Assertions.java:3131)
	at com.example.AuthorService.AuthorServiceUpdateTest.testUpdateAuthor_Fail_BiographyIsNull(AuthorServiceUpdateTest.java:95)
	at java.base/java.lang.reflect.Method.invoke(Method.java:566)
	at java.base/java.util.ArrayList.forEach(ArrayList.java:1541)
	at java.base/java.util.ArrayList.forEach(ArrayList.java:1541)

